07/07/2022 09:54:50 AM: INFO: this is launching web
07/07/2022 09:54:50 AM: DEBUG: GET http://localhost:50189/session/adbf8d6d0c4dc0d3b1711fb8e8140b77/title {}
07/07/2022 09:54:50 AM: DEBUG: http://localhost:50189 "GET /session/adbf8d6d0c4dc0d3b1711fb8e8140b77/title HTTP/1.1" 200 28
07/07/2022 09:54:50 AM: DEBUG: Remote response: status=200 | data={"value":"Connect to Wi-Fi"} | headers=HTTPHeaderDict({'Content-Length': '28', 'Content-Type': 'application/json; charset=utf-8', 'cache-control': 'no-cache'})
07/07/2022 09:54:50 AM: DEBUG: Finished Request
07/07/2022 09:54:50 AM: DEBUG: GET http://localhost:50189/session/adbf8d6d0c4dc0d3b1711fb8e8140b77/title {}
07/07/2022 09:54:50 AM: DEBUG: http://localhost:50189 "GET /session/adbf8d6d0c4dc0d3b1711fb8e8140b77/title HTTP/1.1" 200 28
07/07/2022 09:54:50 AM: DEBUG: Remote response: status=200 | data={"value":"Connect to Wi-Fi"} | headers=HTTPHeaderDict({'Content-Length': '28', 'Content-Type': 'application/json; charset=utf-8', 'cache-control': 'no-cache'})
07/07/2022 09:54:50 AM: DEBUG: Finished Request
07/07/2022 09:54:50 AM: DEBUG: DELETE http://localhost:50189/session/adbf8d6d0c4dc0d3b1711fb8e8140b77 {}
07/07/2022 09:54:50 AM: DEBUG: http://localhost:50189 "DELETE /session/adbf8d6d0c4dc0d3b1711fb8e8140b77 HTTP/1.1" 200 14
07/07/2022 09:54:50 AM: DEBUG: Remote response: status=200 | data={"value":null} | headers=HTTPHeaderDict({'Content-Length': '14', 'Content-Type': 'application/json; charset=utf-8', 'cache-control': 'no-cache'})
07/07/2022 09:54:50 AM: DEBUG: Finished Request
07/07/2022 09:55:45 AM: INFO: this is launching web
07/07/2022 09:55:45 AM: DEBUG: GET http://localhost:50217/session/44c5ab4511b9b6fab39210234c0ba0ed/title {}
07/07/2022 09:55:45 AM: DEBUG: http://localhost:50217 "GET /session/44c5ab4511b9b6fab39210234c0ba0ed/title HTTP/1.1" 200 28
07/07/2022 09:55:45 AM: DEBUG: Remote response: status=200 | data={"value":"Connect to Wi-Fi"} | headers=HTTPHeaderDict({'Content-Length': '28', 'Content-Type': 'application/json; charset=utf-8', 'cache-control': 'no-cache'})
07/07/2022 09:55:45 AM: DEBUG: Finished Request
07/07/2022 09:55:45 AM: DEBUG: GET http://localhost:50217/session/44c5ab4511b9b6fab39210234c0ba0ed/title {}
07/07/2022 09:55:45 AM: DEBUG: http://localhost:50217 "GET /session/44c5ab4511b9b6fab39210234c0ba0ed/title HTTP/1.1" 200 28
07/07/2022 09:55:45 AM: DEBUG: Remote response: status=200 | data={"value":"Connect to Wi-Fi"} | headers=HTTPHeaderDict({'Content-Length': '28', 'Content-Type': 'application/json; charset=utf-8', 'cache-control': 'no-cache'})
07/07/2022 09:55:45 AM: DEBUG: Finished Request
07/07/2022 09:55:45 AM: DEBUG: DELETE http://localhost:50217/session/44c5ab4511b9b6fab39210234c0ba0ed {}
07/07/2022 09:55:45 AM: DEBUG: http://localhost:50217 "DELETE /session/44c5ab4511b9b6fab39210234c0ba0ed HTTP/1.1" 200 14
07/07/2022 09:55:45 AM: DEBUG: Remote response: status=200 | data={"value":null} | headers=HTTPHeaderDict({'Content-Length': '14', 'Content-Type': 'application/json; charset=utf-8', 'cache-control': 'no-cache'})
07/07/2022 09:55:45 AM: DEBUG: Finished Request
07/07/2022 10:00:18 AM: INFO: this is launching web
07/07/2022 10:00:18 AM: DEBUG: GET http://localhost:50265/session/aa58094a3b9b3d71c13654bd18a3c03a/title {}
07/07/2022 10:00:19 AM: DEBUG: http://localhost:50265 "GET /session/aa58094a3b9b3d71c13654bd18a3c03a/title HTTP/1.1" 200 28
07/07/2022 10:00:19 AM: DEBUG: Remote response: status=200 | data={"value":"Connect to Wi-Fi"} | headers=HTTPHeaderDict({'Content-Length': '28', 'Content-Type': 'application/json; charset=utf-8', 'cache-control': 'no-cache'})
07/07/2022 10:00:19 AM: DEBUG: Finished Request
07/07/2022 10:00:19 AM: DEBUG: GET http://localhost:50265/session/aa58094a3b9b3d71c13654bd18a3c03a/title {}
07/07/2022 10:00:19 AM: DEBUG: http://localhost:50265 "GET /session/aa58094a3b9b3d71c13654bd18a3c03a/title HTTP/1.1" 200 28
07/07/2022 10:00:19 AM: DEBUG: Remote response: status=200 | data={"value":"Connect to Wi-Fi"} | headers=HTTPHeaderDict({'Content-Length': '28', 'Content-Type': 'application/json; charset=utf-8', 'cache-control': 'no-cache'})
07/07/2022 10:00:19 AM: DEBUG: Finished Request
07/07/2022 10:00:19 AM: DEBUG: DELETE http://localhost:50265/session/aa58094a3b9b3d71c13654bd18a3c03a {}
07/07/2022 10:00:19 AM: DEBUG: http://localhost:50265 "DELETE /session/aa58094a3b9b3d71c13654bd18a3c03a HTTP/1.1" 200 14
07/07/2022 10:00:19 AM: DEBUG: Remote response: status=200 | data={"value":null} | headers=HTTPHeaderDict({'Content-Length': '14', 'Content-Type': 'application/json; charset=utf-8', 'cache-control': 'no-cache'})
07/07/2022 10:00:19 AM: DEBUG: Finished Request
07/07/2022 10:00:21 AM: INFO: test
07/09/2022 08:02:11 AM: INFO: this is launching web
07/09/2022 08:02:11 AM: DEBUG: GET http://localhost:65158/session/71ab318105b4326756df0af2a163111a/title {}
07/09/2022 08:02:11 AM: DEBUG: http://localhost:65158 "GET /session/71ab318105b4326756df0af2a163111a/title HTTP/1.1" 200 32
07/09/2022 08:02:11 AM: DEBUG: Remote response: status=200 | data={"value":"Home | Let's Kode It"} | headers=HTTPHeaderDict({'Content-Length': '32', 'Content-Type': 'application/json; charset=utf-8', 'cache-control': 'no-cache'})
07/09/2022 08:02:11 AM: DEBUG: Finished Request
07/09/2022 08:02:11 AM: DEBUG: GET http://localhost:65158/session/71ab318105b4326756df0af2a163111a/title {}
07/09/2022 08:02:11 AM: DEBUG: http://localhost:65158 "GET /session/71ab318105b4326756df0af2a163111a/title HTTP/1.1" 200 32
07/09/2022 08:02:11 AM: DEBUG: Remote response: status=200 | data={"value":"Home | Let's Kode It"} | headers=HTTPHeaderDict({'Content-Length': '32', 'Content-Type': 'application/json; charset=utf-8', 'cache-control': 'no-cache'})
07/09/2022 08:02:11 AM: DEBUG: Finished Request
07/09/2022 08:02:11 AM: DEBUG: DELETE http://localhost:65158/session/71ab318105b4326756df0af2a163111a {}
07/09/2022 08:02:12 AM: DEBUG: http://localhost:65158 "DELETE /session/71ab318105b4326756df0af2a163111a HTTP/1.1" 200 14
07/09/2022 08:02:12 AM: DEBUG: Remote response: status=200 | data={"value":null} | headers=HTTPHeaderDict({'Content-Length': '14', 'Content-Type': 'application/json; charset=utf-8', 'cache-control': 'no-cache'})
07/09/2022 08:02:12 AM: DEBUG: Finished Request
07/09/2022 08:02:14 AM: INFO: test
